2014/MM/DD - 0.13.0
	[機能]
		* 指定して実行ダイアログへのD&Dで値設定。
		* 指定して実行ダイアログの作業フォルダ欄へのD&Dで値設定。
	
	[修正]
		* doc/change.log の出力設定を PreserveNewest に設定。
		* タスクトレイメニューからノート作成でスクリーン中央に表示する。
		* #38 多言語によるUIの自動調整、設定/本体は機能確定まで未定。
		* プログラムのアイコンとタスクトレイアイコンを統合。
		* #40 ノート最小化時における本文編集。
		* ツールバーメインアイコンの修正。
		* 設定保存時にログウィンドウの言語設定に失敗する不具合の修正。
		* ログウィンドウを閉じた際に設定項目を非表示とするように修正。

2014/08/29 - 0.12.0
	[修正]
		* #11 ツールバー メインアイコン。
		* タスクトレイアイコンを変更。

2014/08/28 - 0.11.0
お小遣い帳レベルで更新履歴をつけてみる。
	[機能]
		* #15  ログダイアログの機能実装。
	
	[修正]
		* 付箋とノートの文言をノートに統一。

